2026-04-30 10:08:18,464 [INFO] __main__: Application starting...
2026-04-30 10:08:18,465 [INFO] db: Initializing database at: F:\CR_PY\certificate_manager\certificate_manager.db
2026-04-30 10:08:18,466 [INFO] db: All tables created (or already exist).
2026-04-30 10:08:18,467 [INFO] db: Backfill of study_system_id and period_display complete.
2026-04-30 10:08:18,468 [INFO] db: All indexes created (or already exist).
2026-04-30 10:08:18,468 [INFO] db: Study systems seeded (or already exist).
2026-04-30 10:08:18,468 [INFO] db: Governorates already seeded (18 rows). Skipping.
2026-04-30 10:08:18,468 [INFO] db: Countries already seeded (195 rows). Skipping.
2026-04-30 10:08:18,468 [INFO] db: Database initialization complete.
2026-04-30 10:19:48,527 [INFO] __main__: Application closed normally.
2026-04-30 10:33:35,979 [INFO] __main__: Application starting...
2026-04-30 10:33:35,980 [INFO] db: Initializing database at: F:\CR_PY\certificate_manager\certificate_manager.db
2026-04-30 10:33:35,987 [INFO] db: All tables created (or already exist).
2026-04-30 10:33:35,990 [INFO] db: Backfill of study_system_id and period_display complete.
2026-04-30 10:33:35,990 [INFO] db: All indexes created (or already exist).
2026-04-30 10:33:35,991 [INFO] db: Study systems seeded (or already exist).
2026-04-30 10:33:35,992 [INFO] db: Governorates already seeded (18 rows). Skipping.
2026-04-30 10:33:35,992 [INFO] db: Countries already seeded (195 rows). Skipping.
2026-04-30 10:33:35,992 [INFO] db: Database initialization complete.
2026-04-30 10:35:50,446 [ERROR] __main__: Unhandled exception in Tkinter callback:
Traceback (most recent call last):
  File "C:\Users\IT_TECK\AppData\Local\Python\pythoncore-3.14-64\Lib\tkinter\__init__.py", line 2093, in __call__
    return self.func(*args)
           ~~~~~~~~~^^^^^^^
  File "C:\Users\IT_TECK\AppData\Local\Python\pythoncore-3.14-64\Lib\tkinter\__init__.py", line 876, in callit
    func(*args, **kw)
    ~~~~^^^^^^^^^^^^^
  File "C:\Users\IT_TECK\AppData\Local\Python\pythoncore-3.14-64\Lib\tkinter\__init__.py", line 802, in focus_set
    self.tk.call('focus', self._w)
    ~~~~~~~~~~~~^^^^^^^^^^^^^^^^^^
_tkinter.TclError: bad window path name ".!ctkframe.!ctkframe.!settingsscreen.!ctkframe.!canvas.!ctkscrollableframe.!ctkframe2.!ctkentry3.!entry"
2026-04-30 10:37:32,738 [INFO] __main__: Application closed normally.
2026-04-30 10:54:31,176 [INFO] __main__: Application starting...
2026-04-30 10:54:31,177 [INFO] db: Initializing database at: F:\CR_PY\certificate_manager\certificate_manager.db
2026-04-30 10:54:31,184 [INFO] db: All tables created (or already exist).
2026-04-30 10:54:31,186 [INFO] db: Backfill of study_system_id and period_display complete.
2026-04-30 10:54:31,186 [INFO] db: All indexes created (or already exist).
2026-04-30 10:54:31,187 [INFO] db: Study systems seeded (or already exist).
2026-04-30 10:54:31,187 [INFO] db: Governorates already seeded (18 rows). Skipping.
2026-04-30 10:54:31,187 [INFO] db: Countries already seeded (195 rows). Skipping.
2026-04-30 10:54:31,187 [INFO] db: Database initialization complete.
2026-04-30 11:00:08,520 [INFO] __main__: Application closed normally.
2026-04-30 11:47:47,932 [INFO] __main__: Application starting...
2026-04-30 11:47:47,933 [INFO] db: Initializing database at: F:\CR_PY\certificate_manager\certificate_manager.db
2026-04-30 11:47:47,935 [INFO] db: All tables created (or already exist).
2026-04-30 11:47:47,942 [INFO] db: Migration applied: ALTER TABLE study_systems ADD COLUMN semester_weight INTEGER DEFAULT 5
2026-04-30 11:47:47,949 [INFO] db: Migration applied: ALTER TABLE study_systems ADD COLUMN year_weight INTEGER DEFAULT 25
2026-04-30 11:47:47,951 [INFO] db: Backfill of study_system_id and period_display complete.
2026-04-30 11:47:47,951 [INFO] db: All indexes created (or already exist).
2026-04-30 11:47:47,952 [INFO] db: Study systems seeded (or already exist).
2026-04-30 11:47:47,952 [INFO] db: Governorates already seeded (18 rows). Skipping.
2026-04-30 11:47:47,952 [INFO] db: Countries already seeded (195 rows). Skipping.
2026-04-30 11:47:47,953 [INFO] db: Database initialization complete.
2026-04-30 11:48:54,798 [INFO] db: Initializing database at: F:\CR_PY\certificate_manager\certificate_manager.db
2026-04-30 11:48:54,800 [INFO] db: All tables created (or already exist).
2026-04-30 11:48:54,803 [INFO] db: Backfill of study_system_id and period_display complete.
2026-04-30 11:48:54,804 [INFO] db: All indexes created (or already exist).
2026-04-30 11:48:54,805 [INFO] db: Study systems seeded (or already exist).
2026-04-30 11:48:54,807 [INFO] db: Governorates already seeded (18 rows). Skipping.
2026-04-30 11:48:54,807 [INFO] db: Countries already seeded (195 rows). Skipping.
2026-04-30 11:48:54,807 [INFO] db: Database initialization complete.
2026-04-30 11:48:54,808 [INFO] tools.migrate_mysql: Reading SQL file: F:/CR_PY/certificate_manager/localhost_new.sql
2026-04-30 11:48:54,841 [INFO] tools.migrate_mysql: Starting migration steps...
2026-04-30 11:48:54,841 [INFO] tools.migrate_mysql: ── Migrating departments ──
2026-04-30 11:48:54,842 [INFO] tools.migrate_mysql: Migrating signatories...
2026-04-30 11:48:54,843 [INFO] tools.migrate_mysql: ── Migrating signatures → personal ──
2026-04-30 11:48:54,844 [INFO] tools.migrate_mysql:   No signatures found — skipping.
2026-04-30 11:48:54,844 [INFO] tools.migrate_mysql: Migrating courses...
2026-04-30 11:48:54,844 [INFO] tools.migrate_mysql: ── Migrating courses ──
2026-04-30 11:48:54,844 [INFO] tools.migrate_mysql:   subjects_140 (semester): 0 courses
2026-04-30 11:48:54,845 [INFO] tools.migrate_mysql:   subjects_q (annual): 0 courses
2026-04-30 11:48:54,845 [INFO] tools.migrate_mysql: Migrating graduation orders...
2026-04-30 11:48:54,845 [INFO] tools.migrate_mysql: ── Migrating order_university → graduation_orders ──
2026-04-30 11:48:54,845 [INFO] tools.migrate_mysql:   graduation_orders: 0 inserted
2026-04-30 11:48:54,845 [INFO] tools.migrate_mysql: Migrating students...
2026-04-30 11:48:54,845 [INFO] tools.migrate_mysql: ── Migrating students ──
2026-04-30 11:48:54,846 [INFO] tools.migrate_mysql:   students_140 (semester): 0 inserted, 0 total
2026-04-30 11:48:54,847 [INFO] tools.migrate_mysql:   students_q (annual): 0 inserted, 0 total
2026-04-30 11:48:54,847 [INFO] tools.migrate_mysql: Migrating semester enrollments (_140)...
2026-04-30 11:48:54,847 [INFO] tools.migrate_mysql: ── Migrating subjects_students_140 → periods + enrollments ──
2026-04-30 11:48:54,847 [INFO] tools.migrate_mysql:   subjects_students_140: 0 periods, 0 enrollments, 0 students skipped
2026-04-30 11:48:54,848 [INFO] tools.migrate_mysql: Migrating annual enrollments (_q)...
2026-04-30 11:48:54,848 [INFO] tools.migrate_mysql: ── Migrating subjects_students_q → periods + enrollments ──
2026-04-30 11:48:54,849 [INFO] tools.migrate_mysql:   subjects_students_q:   0 periods, 0 enrollments, 0 students skipped
2026-04-30 11:48:54,849 [INFO] tools.migrate_mysql: ── Import complete — Final counts ──
2026-04-30 11:48:54,850 [INFO] tools.migrate_mysql:   countries               195 rows
2026-04-30 11:48:54,852 [INFO] tools.migrate_mysql:   governorates            18 rows
2026-04-30 11:48:54,852 [INFO] tools.migrate_mysql:   departments             2 rows
2026-04-30 11:48:54,853 [INFO] tools.migrate_mysql:   personal                6 rows
2026-04-30 11:48:54,856 [INFO] tools.migrate_mysql:   courses                 230 rows
2026-04-30 11:48:54,857 [INFO] tools.migrate_mysql:   students                1580 rows
2026-04-30 11:48:54,859 [INFO] tools.migrate_mysql:   academic_periods        426 rows
2026-04-30 11:48:54,860 [INFO] tools.migrate_mysql:   enrollments             2928 rows
2026-04-30 11:48:54,860 [INFO] tools.migrate_mysql: Migration finished successfully.
2026-04-30 11:49:08,544 [INFO] __main__: Application closed normally.
2026-04-30 11:49:34,369 [INFO] __main__: Application starting...
2026-04-30 11:49:34,370 [INFO] db: Initializing database at: F:\CR_PY\certificate_manager\certificate_manager.db
2026-04-30 11:49:34,443 [INFO] db: All tables created (or already exist).
2026-04-30 11:49:34,448 [INFO] db: Migration applied: ALTER TABLE study_systems ADD COLUMN prefix TEXT DEFAULT ''
2026-04-30 11:49:34,454 [INFO] db: Migration applied: ALTER TABLE study_systems ADD COLUMN period_display TEXT DEFAULT 'seme
2026-04-30 11:49:34,460 [INFO] db: Migration applied: ALTER TABLE study_systems ADD COLUMN semester_weight INTEGER DEFAULT 5
2026-04-30 11:49:34,465 [INFO] db: Migration applied: ALTER TABLE study_systems ADD COLUMN year_weight INTEGER DEFAULT 25
2026-04-30 11:49:34,466 [INFO] db: Backfill of study_system_id and period_display complete.
2026-04-30 11:49:34,526 [INFO] db: All indexes created (or already exist).
2026-04-30 11:49:34,527 [INFO] db: Study systems seeded (or already exist).
2026-04-30 11:49:34,527 [INFO] db: Seeded 18 governorates.
2026-04-30 11:49:34,528 [INFO] db: Seeded 195 countries.
2026-04-30 11:49:34,532 [INFO] db: Database initialization complete.
2026-04-30 11:49:53,331 [INFO] db: Initializing database at: F:\CR_PY\certificate_manager\certificate_manager.db
2026-04-30 11:49:53,334 [INFO] db: All tables created (or already exist).
2026-04-30 11:49:53,337 [INFO] db: Backfill of study_system_id and period_display complete.
2026-04-30 11:49:53,339 [INFO] db: All indexes created (or already exist).
2026-04-30 11:49:53,341 [INFO] db: Study systems seeded (or already exist).
2026-04-30 11:49:53,342 [INFO] db: Governorates already seeded (18 rows). Skipping.
2026-04-30 11:49:53,342 [INFO] db: Countries already seeded (195 rows). Skipping.
2026-04-30 11:49:53,343 [INFO] db: Database initialization complete.
2026-04-30 11:49:53,343 [INFO] tools.migrate_mysql: Reading SQL file: F:/CR_PY/certificate_manager/localhost_new.sql
2026-04-30 11:49:53,376 [INFO] tools.migrate_mysql: Starting migration steps...
2026-04-30 11:49:53,377 [INFO] tools.migrate_mysql: ── Migrating departments ──
2026-04-30 11:49:53,377 [INFO] tools.migrate_mysql: Migrating signatories...
2026-04-30 11:49:53,377 [INFO] tools.migrate_mysql: ── Migrating signatures → personal ──
2026-04-30 11:49:53,378 [INFO] tools.migrate_mysql:   No signatures found — skipping.
2026-04-30 11:49:53,378 [INFO] tools.migrate_mysql: Migrating courses...
2026-04-30 11:49:53,378 [INFO] tools.migrate_mysql: ── Migrating courses ──
2026-04-30 11:49:53,378 [INFO] tools.migrate_mysql:   subjects_140 (semester): 0 courses
2026-04-30 11:49:53,379 [INFO] tools.migrate_mysql:   subjects_q (annual): 0 courses
2026-04-30 11:49:53,379 [INFO] tools.migrate_mysql: Migrating graduation orders...
2026-04-30 11:49:53,379 [INFO] tools.migrate_mysql: ── Migrating order_university → graduation_orders ──
2026-04-30 11:49:53,379 [INFO] tools.migrate_mysql:   graduation_orders: 0 inserted
2026-04-30 11:49:53,379 [INFO] tools.migrate_mysql: Migrating students...
2026-04-30 11:49:53,380 [INFO] tools.migrate_mysql: ── Migrating students ──
2026-04-30 11:49:53,381 [INFO] tools.migrate_mysql:   students_140 (semester): 0 inserted, 0 total
2026-04-30 11:49:53,381 [INFO] tools.migrate_mysql:   students_q (annual): 0 inserted, 0 total
2026-04-30 11:49:53,381 [INFO] tools.migrate_mysql: Migrating semester enrollments (_140)...
2026-04-30 11:49:53,382 [INFO] tools.migrate_mysql: ── Migrating subjects_students_140 → periods + enrollments ──
2026-04-30 11:49:53,382 [INFO] tools.migrate_mysql:   subjects_students_140: 0 periods, 0 enrollments, 0 students skipped
2026-04-30 11:49:53,383 [INFO] tools.migrate_mysql: Migrating annual enrollments (_q)...
2026-04-30 11:49:53,384 [INFO] tools.migrate_mysql: ── Migrating subjects_students_q → periods + enrollments ──
2026-04-30 11:49:53,384 [INFO] tools.migrate_mysql:   subjects_students_q:   0 periods, 0 enrollments, 0 students skipped
2026-04-30 11:49:53,385 [INFO] tools.migrate_mysql: ── Import complete — Final counts ──
2026-04-30 11:49:53,386 [INFO] tools.migrate_mysql:   countries               195 rows
2026-04-30 11:49:53,387 [INFO] tools.migrate_mysql:   governorates            18 rows
2026-04-30 11:49:53,388 [INFO] tools.migrate_mysql:   departments             0 rows
2026-04-30 11:49:53,389 [INFO] tools.migrate_mysql:   personal                0 rows
2026-04-30 11:49:53,390 [INFO] tools.migrate_mysql:   courses                 0 rows
2026-04-30 11:49:53,391 [INFO] tools.migrate_mysql:   students                0 rows
2026-04-30 11:49:53,392 [INFO] tools.migrate_mysql:   academic_periods        0 rows
2026-04-30 11:49:53,392 [INFO] tools.migrate_mysql:   enrollments             0 rows
2026-04-30 11:49:53,393 [INFO] tools.migrate_mysql: Migration finished successfully.
2026-04-30 12:06:14,671 [INFO] __main__: Application closed normally.
2026-04-30 12:16:41,823 [INFO] __main__: Application starting...
2026-04-30 12:16:41,825 [INFO] db: Initializing database at: F:\CR_PY\certificate_manager\certificate_manager.db
2026-04-30 12:16:41,837 [INFO] db: All tables created (or already exist).
2026-04-30 12:16:41,838 [INFO] db: Backfill of study_system_id and period_display complete.
2026-04-30 12:16:41,840 [INFO] db: All indexes created (or already exist).
2026-04-30 12:16:41,840 [INFO] db: Study systems seeded (or already exist).
2026-04-30 12:16:41,841 [INFO] db: Governorates already seeded (18 rows). Skipping.
2026-04-30 12:16:41,843 [INFO] db: Countries already seeded (195 rows). Skipping.
2026-04-30 12:16:41,843 [INFO] db: Database initialization complete.
2026-04-30 12:17:01,061 [INFO] db: Initializing database at: F:\CR_PY\certificate_manager\certificate_manager.db
2026-04-30 12:17:01,063 [INFO] db: All tables created (or already exist).
2026-04-30 12:17:01,064 [INFO] db: Backfill of study_system_id and period_display complete.
2026-04-30 12:17:01,065 [INFO] db: All indexes created (or already exist).
2026-04-30 12:17:01,066 [INFO] db: Study systems seeded (or already exist).
2026-04-30 12:17:01,067 [INFO] db: Governorates already seeded (18 rows). Skipping.
2026-04-30 12:17:01,068 [INFO] db: Countries already seeded (195 rows). Skipping.
2026-04-30 12:17:01,070 [INFO] db: Database initialization complete.
2026-04-30 12:17:01,071 [INFO] tools.migrate_mysql: Reading SQL file: F:/CR_PY/certificate_manager/localhost_new.sql
2026-04-30 12:17:01,099 [INFO] tools.migrate_mysql: Read 1664238 characters from SQL file.
2026-04-30 12:17:01,143 [INFO] tools.migrate_mysql: Found 14 INSERT INTO blocks in SQL file.
2026-04-30 12:17:01,580 [INFO] tools.migrate_mysql: SQL Parsing summary:
2026-04-30 12:17:01,580 [INFO] tools.migrate_mysql:   - `admin`                             → 4 rows
2026-04-30 12:17:01,582 [INFO] tools.migrate_mysql:   - `department`                        → 1 rows
2026-04-30 12:17:01,582 [INFO] tools.migrate_mysql:   - `info_system`                       → 0 rows
2026-04-30 12:17:01,582 [INFO] tools.migrate_mysql:   - `order_university`                  → 0 rows
2026-04-30 12:17:01,582 [INFO] tools.migrate_mysql:   - `signatures`                        → 0 rows
2026-04-30 12:17:01,583 [INFO] tools.migrate_mysql:   - `statistics`                        → 0 rows
2026-04-30 12:17:01,583 [INFO] tools.migrate_mysql:   - `students_140`                      → 0 rows
2026-04-30 12:17:01,583 [INFO] tools.migrate_mysql:   - `students_140_backup_1775558661`    → 0 rows
2026-04-30 12:17:01,583 [INFO] tools.migrate_mysql:   - `students_q`                        → 0 rows
2026-04-30 12:17:01,583 [INFO] tools.migrate_mysql:   - `subjects_140`                      → 0 rows
2026-04-30 12:17:01,583 [INFO] tools.migrate_mysql:   - `subjects_q`                        → 0 rows
2026-04-30 12:17:01,583 [INFO] tools.migrate_mysql:   - `subjects_students_140`             → 0 rows
2026-04-30 12:17:01,584 [INFO] tools.migrate_mysql:   - `subjects_students_q`               → 1 rows
2026-04-30 12:17:01,584 [INFO] tools.migrate_mysql: Starting migration steps...
2026-04-30 12:17:01,585 [INFO] tools.migrate_mysql: ── Migrating departments ──
2026-04-30 12:17:01,587 [INFO] tools.migrate_mysql:   INSERTED dept: علوم الحاسوب
2026-04-30 12:17:01,593 [INFO] tools.migrate_mysql: Migrating signatories...
2026-04-30 12:17:01,594 [INFO] tools.migrate_mysql: ── Migrating signatures → personal ──
2026-04-30 12:17:01,594 [INFO] tools.migrate_mysql:   No signatures found — skipping.
2026-04-30 12:17:01,595 [INFO] tools.migrate_mysql: Migrating courses...
2026-04-30 12:17:01,596 [INFO] tools.migrate_mysql: ── Migrating courses ──
2026-04-30 12:17:01,598 [INFO] tools.migrate_mysql:   subjects_140 (semester): 0 courses
2026-04-30 12:17:01,599 [INFO] tools.migrate_mysql:   subjects_q (annual): 0 courses
2026-04-30 12:17:01,600 [INFO] tools.migrate_mysql: Migrating graduation orders...
2026-04-30 12:17:01,600 [INFO] tools.migrate_mysql: ── Migrating order_university → graduation_orders ──
2026-04-30 12:17:01,601 [INFO] tools.migrate_mysql:   graduation_orders: 0 inserted
2026-04-30 12:17:01,602 [INFO] tools.migrate_mysql: Migrating students...
2026-04-30 12:17:01,603 [INFO] tools.migrate_mysql: ── Migrating students ──
2026-04-30 12:17:01,604 [INFO] tools.migrate_mysql:   students_140 (semester): 0 inserted, 0 total
2026-04-30 12:17:01,604 [INFO] tools.migrate_mysql:   students_q (annual): 0 inserted, 0 total
2026-04-30 12:17:01,604 [INFO] tools.migrate_mysql: Migrating semester enrollments (_140)...
2026-04-30 12:17:01,604 [INFO] tools.migrate_mysql: ── Migrating subjects_students_140 → periods + enrollments ──
2026-04-30 12:17:01,605 [INFO] tools.migrate_mysql:   subjects_students_140: 0 periods, 0 enrollments, 0 students skipped
2026-04-30 12:17:01,605 [INFO] tools.migrate_mysql: Migrating annual enrollments (_q)...
2026-04-30 12:17:01,606 [INFO] tools.migrate_mysql: ── Migrating subjects_students_q → periods + enrollments ──
2026-04-30 12:17:01,606 [INFO] tools.migrate_mysql:   subjects_students_q:   0 periods, 0 enrollments, 1 students skipped
2026-04-30 12:17:01,606 [INFO] tools.migrate_mysql: ── Import complete — Final counts ──
2026-04-30 12:17:01,608 [INFO] tools.migrate_mysql:   countries               195 rows
2026-04-30 12:17:01,609 [INFO] tools.migrate_mysql:   governorates            18 rows
2026-04-30 12:17:01,610 [INFO] tools.migrate_mysql:   departments             1 rows
2026-04-30 12:17:01,611 [INFO] tools.migrate_mysql:   personal                0 rows
2026-04-30 12:17:01,611 [INFO] tools.migrate_mysql:   courses                 0 rows
2026-04-30 12:17:01,613 [INFO] tools.migrate_mysql:   students                0 rows
2026-04-30 12:17:01,614 [INFO] tools.migrate_mysql:   academic_periods        0 rows
2026-04-30 12:17:01,616 [INFO] tools.migrate_mysql:   enrollments             0 rows
2026-04-30 12:17:01,617 [INFO] tools.migrate_mysql: Migration finished successfully.
2026-04-30 12:17:28,515 [INFO] __main__: Application closed normally.
