2026-04-30 13:27:41,250 [INFO] Starting migration...
2026-04-30 13:27:41,253 [INFO] Processing table: admin (6 rows)
2026-04-30 13:27:41,253 [INFO] Processing table: department (2 rows)
2026-04-30 13:27:41,253 [INFO] Processing table: info_system (1 rows)
2026-04-30 13:27:41,256 [INFO] Processing table: order_university (63 rows)
2026-04-30 13:27:41,257 [INFO] Processing table: signatures (1 rows)
2026-04-30 13:29:35,966 [INFO] Starting migration...
2026-04-30 13:29:35,968 [INFO] Processing table: admin (6 rows)
2026-04-30 13:29:35,968 [INFO] Processing table: department (2 rows)
2026-04-30 13:29:35,968 [INFO] Processing table: info_system (1 rows)
2026-04-30 13:29:35,971 [INFO] Processing table: order_university (63 rows)
2026-04-30 13:29:35,971 [INFO] Processing table: signatures (1 rows)
2026-04-30 13:29:35,994 [INFO] Processing table: statistics (458 rows)
2026-04-30 13:29:36,017 [INFO] Processing table: statistics (470 rows)
2026-04-30 13:29:36,038 [INFO] Processing table: statistics (490 rows)
2026-04-30 13:29:36,059 [INFO] Processing table: statistics (441 rows)
2026-04-30 13:29:36,081 [INFO] Processing table: statistics (469 rows)
2026-04-30 13:29:36,104 [INFO] Processing table: statistics (461 rows)
2026-04-30 13:29:36,126 [INFO] Processing table: statistics (474 rows)
2026-04-30 13:29:36,148 [INFO] Processing table: statistics (467 rows)
2026-04-30 13:29:36,169 [INFO] Processing table: statistics (476 rows)
2026-04-30 13:29:36,191 [INFO] Processing table: statistics (481 rows)
2026-04-30 13:29:36,214 [INFO] Processing table: statistics (474 rows)
2026-04-30 13:29:36,235 [INFO] Processing table: statistics (466 rows)
2026-04-30 13:29:36,258 [INFO] Processing table: statistics (476 rows)
2026-04-30 13:29:36,279 [INFO] Processing table: statistics (478 rows)
2026-04-30 13:29:36,293 [INFO] Processing table: statistics (312 rows)
2026-04-30 13:29:36,304 [INFO] Processing table: students_140 (119 rows)
2026-04-30 13:29:36,327 [INFO] Processing table: students_q (264 rows)
2026-04-30 13:29:36,351 [INFO] Processing table: students_q (264 rows)
2026-04-30 13:29:36,374 [INFO] Processing table: students_q (268 rows)
2026-04-30 13:29:36,399 [INFO] Processing table: students_q (265 rows)
2026-04-30 13:29:36,424 [INFO] Processing table: students_q (267 rows)
2026-04-30 13:29:36,441 [INFO] Processing table: students_q (171 rows)
2026-04-30 13:29:36,450 [INFO] Processing table: subjects_140 (130 rows)
2026-04-30 13:29:36,455 [INFO] Processing table: subjects_q (100 rows)
2026-04-30 13:29:36,476 [INFO] Processing table: subjects_students_140 (437 rows)
2026-04-30 13:30:47,738 [INFO] Starting migration...
2026-04-30 13:30:47,740 [INFO] Processing table: admin (6 rows)
2026-04-30 13:30:47,741 [INFO] Processing table: department (2 rows)
2026-04-30 13:30:47,741 [INFO] Processing table: info_system (1 rows)
2026-04-30 13:30:47,744 [INFO] Processing table: order_university (63 rows)
2026-04-30 13:30:47,745 [INFO] Processing table: signatures (1 rows)
2026-04-30 13:30:47,768 [INFO] Processing table: statistics (458 rows)
2026-04-30 13:30:47,791 [INFO] Processing table: statistics (470 rows)
2026-04-30 13:30:47,815 [INFO] Processing table: statistics (490 rows)
2026-04-30 13:30:47,847 [INFO] Processing table: statistics (441 rows)
2026-04-30 13:30:47,874 [INFO] Processing table: statistics (469 rows)
2026-04-30 13:30:47,897 [INFO] Processing table: statistics (461 rows)
2026-04-30 13:30:47,919 [INFO] Processing table: statistics (474 rows)
2026-04-30 13:30:47,941 [INFO] Processing table: statistics (467 rows)
2026-04-30 13:30:47,964 [INFO] Processing table: statistics (476 rows)
2026-04-30 13:30:47,987 [INFO] Processing table: statistics (481 rows)
2026-04-30 13:30:48,008 [INFO] Processing table: statistics (474 rows)
2026-04-30 13:30:48,033 [INFO] Processing table: statistics (466 rows)
2026-04-30 13:30:48,056 [INFO] Processing table: statistics (476 rows)
2026-04-30 13:30:48,080 [INFO] Processing table: statistics (478 rows)
2026-04-30 13:30:48,094 [INFO] Processing table: statistics (312 rows)
2026-04-30 13:30:48,104 [INFO] Processing table: students_140 (119 rows)
2026-04-30 13:30:48,129 [INFO] Processing table: students_q (264 rows)
2026-04-30 13:30:48,153 [INFO] Processing table: students_q (264 rows)
2026-04-30 13:30:48,180 [INFO] Processing table: students_q (268 rows)
2026-04-30 13:30:48,205 [INFO] Processing table: students_q (265 rows)
2026-04-30 13:30:48,230 [INFO] Processing table: students_q (267 rows)
2026-04-30 13:30:48,248 [INFO] Processing table: students_q (171 rows)
2026-04-30 13:30:48,257 [INFO] Processing table: subjects_140 (130 rows)
2026-04-30 13:30:48,262 [INFO] Processing table: subjects_q (100 rows)
2026-04-30 13:30:48,284 [INFO] Processing table: subjects_students_140 (437 rows)
2026-04-30 13:30:48,328 [INFO] Processing table: subjects_students_140 (426 rows)
2026-04-30 13:30:48,362 [INFO] Processing table: subjects_students_140 (347 rows)
2026-04-30 13:30:48,395 [INFO] Processing table: subjects_students_q (464 rows)
2026-04-30 13:30:48,431 [INFO] Processing table: subjects_students_q (460 rows)
2026-04-30 13:30:48,466 [INFO] Processing table: subjects_students_q (457 rows)
2026-04-30 13:31:38,370 [INFO] Starting migration...
2026-04-30 13:31:38,373 [INFO] Processing table: admin (6 rows)
2026-04-30 13:31:38,373 [INFO] Processing table: department (2 rows)
2026-04-30 13:31:38,374 [INFO] Processing table: info_system (1 rows)
2026-04-30 13:31:38,377 [INFO] Processing table: order_university (63 rows)
2026-04-30 13:31:38,377 [INFO] Processing table: signatures (1 rows)
2026-04-30 13:31:38,404 [INFO] Processing table: statistics (458 rows)
2026-04-30 13:31:38,430 [INFO] Processing table: statistics (470 rows)
2026-04-30 13:31:38,455 [INFO] Processing table: statistics (490 rows)
2026-04-30 13:31:38,479 [INFO] Processing table: statistics (441 rows)
2026-04-30 13:31:38,508 [INFO] Processing table: statistics (469 rows)
2026-04-30 13:31:38,530 [INFO] Processing table: statistics (461 rows)
2026-04-30 13:31:38,555 [INFO] Processing table: statistics (474 rows)
2026-04-30 13:31:38,579 [INFO] Processing table: statistics (467 rows)
2026-04-30 13:31:38,601 [INFO] Processing table: statistics (476 rows)
2026-04-30 13:31:38,623 [INFO] Processing table: statistics (481 rows)
2026-04-30 13:31:38,645 [INFO] Processing table: statistics (474 rows)
2026-04-30 13:31:38,668 [INFO] Processing table: statistics (466 rows)
2026-04-30 13:31:38,689 [INFO] Processing table: statistics (476 rows)
2026-04-30 13:31:38,711 [INFO] Processing table: statistics (478 rows)
2026-04-30 13:31:38,725 [INFO] Processing table: statistics (312 rows)
2026-04-30 13:31:38,735 [INFO] Processing table: students_140 (119 rows)
2026-04-30 13:31:38,761 [INFO] Processing table: students_q (264 rows)
2026-04-30 13:31:38,785 [INFO] Processing table: students_q (264 rows)
2026-04-30 13:31:38,810 [INFO] Processing table: students_q (268 rows)
2026-04-30 13:31:38,835 [INFO] Processing table: students_q (265 rows)
2026-04-30 13:31:38,859 [INFO] Processing table: students_q (267 rows)
2026-04-30 13:31:38,876 [INFO] Processing table: students_q (171 rows)
2026-04-30 13:31:38,885 [INFO] Processing table: subjects_140 (130 rows)
2026-04-30 13:31:38,889 [INFO] Processing table: subjects_q (100 rows)
2026-04-30 13:31:38,911 [INFO] Processing table: subjects_students_140 (437 rows)
2026-04-30 13:31:38,950 [INFO] Processing table: subjects_students_140 (426 rows)
2026-04-30 13:31:38,983 [INFO] Processing table: subjects_students_140 (347 rows)
2026-04-30 13:31:39,017 [INFO] Processing table: subjects_students_q (464 rows)
2026-04-30 13:31:39,052 [INFO] Processing table: subjects_students_q (460 rows)
2026-04-30 13:31:39,085 [INFO] Processing table: subjects_students_q (457 rows)
2026-04-30 13:31:39,114 [INFO] Processing table: subjects_students_q (338 rows)
2026-04-30 13:31:39,131 [INFO] Migration complete.
